# JRE version: OpenJDK Runtime Environment Temurin-17.0.11+9 (17.0.11+9) (build 17.0.11+9)
# Java VM: OpenJDK 64-Bit Server VM Temurin-17.0.11+9 (17.0.11+9, mixed mode, emulated-client, tiered, compressed oops, compressed class ptrs, g1 gc, windows-amd64)
GC Precious Log:
 CPUs: 8 total, 8 available
 Memory: 24391M
 Large Page Support: Disabled
 NUMA Support: Disabled
 Compressed Oops: Enabled (32-bit)
 Heap Region Size: 1M
 Heap Min Capacity: 8M
 Heap Initial Capacity: 382M
 Heap Max Capacity: 1G
 Pre-touch: Disabled
 Parallel Workers: 8
 Concurrent Workers: 2
 Concurrent Refinement Workers: 8
 Periodic GC: Disabled
Heap:
 garbage-first heap   total 78848K, used 24496K [0x00000000c0000000, 0x0000000100000000)
  region size 1024K, 1 young (1024K), 0 survivors (0K)
 Metaspace       used 38358K, committed 38912K, reserved 1114112K
  class space    used 5024K, committed 5248K, reserved 1048576K
GC Heap History (20 events):
Event: 1386.439 GC heap before
{Heap before GC invocations=113 (full 105):
 garbage-first heap   total 78848K, used 24496K [0x00000000c0000000, 0x0000000100000000)
  region size 1024K, 1 young (1024K), 0 survivors (0K)
 Metaspace       used 38358K, committed 38912K, reserved 1114112K
  class space    used 5024K, committed 5248K, reserved 1048576K
}
Event: 1386.487 GC heap after
{Heap after GC invocations=114 (full 106):
 garbage-first heap   total 78848K, used 24496K [0x00000000c0000000, 0x0000000100000000)
  region size 1024K, 0 young (0K), 0 survivors (0K)
 Metaspace       used 38358K, committed 38912K, reserved 1114112K
  class space    used 5024K, committed 5248K, reserved 1048576K
}
Event: 1401.480 GC heap before
{Heap before GC invocations=114 (full 106):
 garbage-first heap   total 78848K, used 24496K [0x00000000c0000000, 0x0000000100000000)
  region size 1024K, 1 young (1024K), 0 survivors (0K)
 Metaspace       used 38358K, committed 38912K, reserved 1114112K
  class space    used 5024K, committed 5248K, reserved 1048576K
}
Event: 1401.529 GC heap after
{Heap after GC invocations=115 (full 107):
 garbage-first heap   total 78848K, used 24496K [0x00000000c0000000, 0x0000000100000000)
  region size 1024K, 0 young (0K), 0 survivors (0K)
 Metaspace       used 38358K, committed 38912K, reserved 1114112K
  class space    used 5024K, committed 5248K, reserved 1048576K
}
Event: 1415.866 GC heap before
{Heap before GC invocations=115 (full 107):
 garbage-first heap   total 78848K, used 24496K [0x00000000c0000000, 0x0000000100000000)
  region size 1024K, 1 young (1024K), 0 survivors (0K)
 Metaspace       used 38358K, committed 38912K, reserved 1114112K
  class space    used 5024K, committed 5248K, reserved 1048576K
}
Event: 1415.920 GC heap after
{Heap after GC invocations=116 (full 108):
 garbage-first heap   total 78848K, used 24496K [0x00000000c0000000, 0x0000000100000000)
  region size 1024K, 0 young (0K), 0 survivors (0K)
 Metaspace       used 38358K, committed 38912K, reserved 1114112K
  class space    used 5024K, committed 5248K, reserved 1048576K
}
Event: 1426.197 GC heap before
{Heap before GC invocations=116 (full 108):
 garbage-first heap   total 78848K, used 24496K [0x00000000c0000000, 0x0000000100000000)
  region size 1024K, 1 young (1024K), 0 survivors (0K)
 Metaspace       used 38358K, committed 38912K, reserved 1114112K
  class space    used 5024K, committed 5248K, reserved 1048576K
}
Event: 1426.233 GC heap after
{Heap after GC invocations=117 (full 109):
 garbage-first heap   total 78848K, used 24496K [0x00000000c0000000, 0x0000000100000000)
  region size 1024K, 0 young (0K), 0 survivors (0K)
 Metaspace       used 38358K, committed 38912K, reserved 1114112K
  class space    used 5024K, committed 5248K, reserved 1048576K
}
Event: 1444.660 GC heap before
{Heap before GC invocations=117 (full 109):
 garbage-first heap   total 78848K, used 24496K [0x00000000c0000000, 0x0000000100000000)
  region size 1024K, 1 young (1024K), 0 survivors (0K)
 Metaspace       used 38358K, committed 38912K, reserved 1114112K
  class space    used 5024K, committed 5248K, reserved 1048576K
}
Event: 1444.717 GC heap after
{Heap after GC invocations=118 (full 110):
 garbage-first heap   total 78848K, used 24496K [0x00000000c0000000, 0x0000000100000000)
  region size 1024K, 0 young (0K), 0 survivors (0K)
 Metaspace       used 38358K, committed 38912K, reserved 1114112K
  class space    used 5024K, committed 5248K, reserved 1048576K
}
Event: 1460.957 GC heap before
{Heap before GC invocations=118 (full 110):
 garbage-first heap   total 78848K, used 24496K [0x00000000c0000000, 0x0000000100000000)
  region size 1024K, 1 young (1024K), 0 survivors (0K)
 Metaspace       used 38358K, committed 38912K, reserved 1114112K
  class space    used 5024K, committed 5248K, reserved 1048576K
}
Event: 1461.008 GC heap after
{Heap after GC invocations=119 (full 111):
 garbage-first heap   total 78848K, used 24496K [0x00000000c0000000, 0x0000000100000000)
  region size 1024K, 0 young (0K), 0 survivors (0K)
 Metaspace       used 38358K, committed 38912K, reserved 1114112K
  class space    used 5024K, committed 5248K, reserved 1048576K
}
Event: 1476.614 GC heap before
{Heap before GC invocations=119 (full 111):
 garbage-first heap   total 78848K, used 24496K [0x00000000c0000000, 0x0000000100000000)
  region size 1024K, 1 young (1024K), 0 survivors (0K)
 Metaspace       used 38358K, committed 38912K, reserved 1114112K
  class space    used 5024K, committed 5248K, reserved 1048576K
}
Event: 1476.674 GC heap after
{Heap after GC invocations=120 (full 112):
 garbage-first heap   total 78848K, used 24496K [0x00000000c0000000, 0x0000000100000000)
  region size 1024K, 0 young (0K), 0 survivors (0K)
 Metaspace       used 38358K, committed 38912K, reserved 1114112K
  class space    used 5024K, committed 5248K, reserved 1048576K
}
Event: 1487.589 GC heap before
{Heap before GC invocations=120 (full 112):
 garbage-first heap   total 78848K, used 24496K [0x00000000c0000000, 0x0000000100000000)
  region size 1024K, 1 young (1024K), 0 survivors (0K)
 Metaspace       used 38358K, committed 38912K, reserved 1114112K
  class space    used 5024K, committed 5248K, reserved 1048576K
}
Event: 1487.642 GC heap after
{Heap after GC invocations=121 (full 113):
 garbage-first heap   total 78848K, used 24496K [0x00000000c0000000, 0x0000000100000000)
  region size 1024K, 0 young (0K), 0 survivors (0K)
 Metaspace       used 38358K, committed 38912K, reserved 1114112K
  class space    used 5024K, committed 5248K, reserved 1048576K
}
Event: 1499.338 GC heap before
{Heap before GC invocations=121 (full 113):
 garbage-first heap   total 78848K, used 24496K [0x00000000c0000000, 0x0000000100000000)
  region size 1024K, 1 young (1024K), 0 survivors (0K)
 Metaspace       used 38358K, committed 38912K, reserved 1114112K
  class space    used 5024K, committed 5248K, reserved 1048576K
}
Event: 1499.381 GC heap after
{Heap after GC invocations=122 (full 114):
 garbage-first heap   total 78848K, used 24496K [0x00000000c0000000, 0x0000000100000000)
  region size 1024K, 0 young (0K), 0 survivors (0K)
 Metaspace       used 38358K, committed 38912K, reserved 1114112K
  class space    used 5024K, committed 5248K, reserved 1048576K
}
Event: 1518.713 GC heap before
{Heap before GC invocations=122 (full 114):
 garbage-first heap   total 78848K, used 24496K [0x00000000c0000000, 0x0000000100000000)
  region size 1024K, 1 young (1024K), 0 survivors (0K)
 Metaspace       used 38358K, committed 38912K, reserved 1114112K
  class space    used 5024K, committed 5248K, reserved 1048576K
}
Event: 1518.778 GC heap after
{Heap after GC invocations=123 (full 115):
 garbage-first heap   total 78848K, used 24496K [0x00000000c0000000, 0x0000000100000000)
  region size 1024K, 0 young (0K), 0 survivors (0K)
 Metaspace       used 38358K, committed 38912K, reserved 1114112K
  class space    used 5024K, committed 5248K, reserved 1048576K
}

